<?xml version="1.0" encoding="UTF-8"?>
<!-- Generated by org.testng.reporters.JUnitReportReporter -->
<testsuite hostname="Sallu" failures="0" tests="3" name="com.facebook_Tests.CreatAccountTest" time="14.198" errors="0" timestamp="2024-09-17T14:04:25 BDT" skipped="0">
  <testcase classname="com.facebook_Tests.CreatAccountTest" name="ValidopenAccountTest" time="5.251"/>
  <testcase classname="com.facebook_Tests.CreatAccountTest" name="Valid3openAccountTest" time="4.421"/>
  <testcase classname="com.facebook_Tests.CreatAccountTest" name="Valid2openAccountTest" time="4.526"/>
</testsuite> <!-- com.facebook_Tests.CreatAccountTest -->
