<?xml version="1.0" encoding="UTF-8"?>
<!-- Generated by org.testng.reporters.JUnitReportReporter -->
<testsuite hostname="Sallu" failures="0" tests="1" name="com.facebook_Tests.CreatAccountTest" time="7.385" errors="0" timestamp="2024-09-17T13:19:08 BDT" skipped="0">
  <testcase classname="com.facebook_Tests.CreatAccountTest" name="openAccountTest" time="7.385"/>
</testsuite> <!-- com.facebook_Tests.CreatAccountTest -->
